2026-04-11 08:31:44.866 助手启动 TargetProcessId=21000 Hotkey=Ctrl+Shift+D
2026-04-11 08:31:44.958 热键解析 modifiers=6 key=68
2026-04-11 08:31:44.980 助手异常: Cannot find type [HotkeyInteropWindow]: verify that the assembly containing this type is loaded.
2026-04-11 08:32:32.578 互操作类型编译成功
2026-04-11 08:32:32.625 助手启动 TargetProcessId=19596 Hotkey=Ctrl+Shift+D
2026-04-11 08:32:32.671 热键解析 modifiers=6 key=68
2026-04-11 08:32:32.720 RegisterHotKey成功 modifiers=6 key=68
2026-04-11 08:32:32.758 助手窗口句柄已创建 Handle=921934
2026-04-11 08:32:32.761 助手进入消息循环
2026-04-11 08:33:07.274 收到WM_HOTKEY
2026-04-11 08:33:07.277 执行最小化窗口 SW_MINIMIZE
2026-04-11 08:33:08.596 收到WM_HOTKEY
2026-04-11 08:33:08.598 执行恢复窗口 SW_RESTORE
2026-04-11 08:33:09.571 收到WM_HOTKEY
2026-04-11 08:33:09.572 执行最小化窗口 SW_MINIMIZE
2026-04-11 08:33:10.599 收到WM_HOTKEY
2026-04-11 08:33:10.601 执行恢复窗口 SW_RESTORE
2026-04-11 08:33:11.230 收到WM_HOTKEY
2026-04-11 08:33:11.232 执行最小化窗口 SW_MINIMIZE
2026-04-11 08:33:11.679 收到WM_HOTKEY
2026-04-11 08:33:11.681 执行恢复窗口 SW_RESTORE
2026-04-11 08:33:12.233 收到WM_HOTKEY
2026-04-11 08:33:12.234 执行最小化窗口 SW_MINIMIZE
2026-04-11 08:33:12.834 收到WM_HOTKEY
2026-04-11 08:33:12.835 执行恢复窗口 SW_RESTORE
2026-04-11 08:33:13.420 收到WM_HOTKEY
2026-04-11 08:33:13.421 执行最小化窗口 SW_MINIMIZE
2026-04-11 08:33:26.672 收到WM_HOTKEY
2026-04-11 08:33:26.673 执行最小化窗口 SW_MINIMIZE
2026-04-11 08:33:27.606 收到WM_HOTKEY
2026-04-11 08:33:27.607 执行恢复窗口 SW_RESTORE
2026-04-11 08:33:28.396 收到WM_HOTKEY
2026-04-11 08:33:28.397 执行最小化窗口 SW_MINIMIZE
2026-04-11 08:33:28.994 收到WM_HOTKEY
2026-04-11 08:33:28.995 执行恢复窗口 SW_RESTORE
2026-04-11 08:33:29.535 收到WM_HOTKEY
2026-04-11 08:33:29.536 执行最小化窗口 SW_MINIMIZE
2026-04-11 08:33:29.931 收到WM_HOTKEY
2026-04-11 08:33:29.932 执行恢复窗口 SW_RESTORE
2026-04-11 08:33:37.117 收到WM_HOTKEY
2026-04-11 08:33:37.118 执行最小化窗口 SW_MINIMIZE
2026-04-11 08:33:41.946 收到WM_HOTKEY
2026-04-11 08:33:41.947 执行恢复窗口 SW_RESTORE
2026-04-11 08:33:43.600 收到WM_HOTKEY
2026-04-11 08:33:43.600 执行最小化窗口 SW_MINIMIZE
2026-04-11 08:33:45.068 收到WM_HOTKEY
2026-04-11 08:33:45.069 执行恢复窗口 SW_RESTORE
2026-04-11 08:33:46.447 收到WM_HOTKEY
2026-04-11 08:33:46.448 执行最小化窗口 SW_MINIMIZE
2026-04-11 08:33:47.055 收到WM_HOTKEY
2026-04-11 08:33:47.056 执行恢复窗口 SW_RESTORE
2026-04-11 08:33:47.665 收到WM_HOTKEY
2026-04-11 08:33:47.666 执行最小化窗口 SW_MINIMIZE
2026-04-11 08:33:48.020 收到WM_HOTKEY
2026-04-11 08:33:48.020 执行恢复窗口 SW_RESTORE
2026-04-11 08:33:48.404 收到WM_HOTKEY
2026-04-11 08:33:48.404 执行最小化窗口 SW_MINIMIZE
2026-04-11 08:33:48.663 收到WM_HOTKEY
2026-04-11 08:33:48.664 执行恢复窗口 SW_RESTORE
2026-04-11 08:34:21.260 收到WM_HOTKEY
2026-04-11 08:34:21.260 执行最小化窗口 SW_MINIMIZE
2026-04-11 08:34:22.738 收到WM_HOTKEY
2026-04-11 08:34:22.739 执行恢复窗口 SW_RESTORE
2026-04-11 08:34:23.514 收到WM_HOTKEY
2026-04-11 08:34:23.514 执行最小化窗口 SW_MINIMIZE
2026-04-11 08:35:00.975 收到WM_HOTKEY
2026-04-11 08:35:00.976 执行最小化窗口 SW_MINIMIZE
2026-04-11 08:35:01.343 收到WM_HOTKEY
2026-04-11 08:35:01.344 执行恢复窗口 SW_RESTORE
2026-04-11 08:36:47.418 收到WM_HOTKEY
2026-04-11 08:36:47.419 执行最小化窗口 SW_MINIMIZE
2026-04-11 08:36:47.936 收到WM_HOTKEY
2026-04-11 08:36:47.937 执行恢复窗口 SW_RESTORE
